/home/rojebay/cobak/install/skid_steer_robot/lib/python3.10/site-packages/skid_steer_robot/data_logger.py
/home/rojebay/cobak/install/skid_steer_robot/lib/python3.10/site-packages/skid_steer_robot/apf_navigation.py
/home/rojebay/cobak/install/skid_steer_robot/lib/python3.10/site-packages/skid_steer_robot/sensor_streamer.py
/home/rojebay/cobak/install/skid_steer_robot/lib/python3.10/site-packages/skid_steer_robot/__init__.py
/home/rojebay/cobak/install/skid_steer_robot/lib/python3.10/site-packages/skid_steer_robot/test_apf.py
/home/rojebay/cobak/install/skid_steer_robot/lib/python3.10/site-packages/skid_steer_robot/__pycache__/data_logger.cpython-310.pyc
/home/rojebay/cobak/install/skid_steer_robot/lib/python3.10/site-packages/skid_steer_robot/__pycache__/apf_navigation.cpython-310.pyc
/home/rojebay/cobak/install/skid_steer_robot/lib/python3.10/site-packages/skid_steer_robot/__pycache__/sensor_streamer.cpython-310.pyc
/home/rojebay/cobak/install/skid_steer_robot/lib/python3.10/site-packages/skid_steer_robot/__pycache__/__init__.cpython-310.pyc
/home/rojebay/cobak/install/skid_steer_robot/lib/python3.10/site-packages/skid_steer_robot/__pycache__/test_apf.cpython-310.pyc
/home/rojebay/cobak/install/skid_steer_robot/share/ament_index/resource_index/packages/skid_steer_robot
/home/rojebay/cobak/install/skid_steer_robot/share/skid_steer_robot/package.xml
/home/rojebay/cobak/install/skid_steer_robot/share/skid_steer_robot/launch/gazebo.launch.py
/home/rojebay/cobak/install/skid_steer_robot/share/skid_steer_robot/launch/teleop.launch.py
/home/rojebay/cobak/install/skid_steer_robot/share/skid_steer_robot/launch/apf.launch.py
/home/rojebay/cobak/install/skid_steer_robot/share/skid_steer_robot/launch/simulasi.launch.py
/home/rojebay/cobak/install/skid_steer_robot/share/skid_steer_robot/launch/coba.launch.py
/home/rojebay/cobak/install/skid_steer_robot/share/skid_steer_robot/launch/robot_spawn.launch.py
/home/rojebay/cobak/install/skid_steer_robot/share/skid_steer_robot/launch/apf_single-robot.launch.py
/home/rojebay/cobak/install/skid_steer_robot/share/skid_steer_robot/urdf/skid_steer_follower_robot.urdf.xacro
/home/rojebay/cobak/install/skid_steer_robot/share/skid_steer_robot/urdf/skid_steer_robot.urdf copy.xacro
/home/rojebay/cobak/install/skid_steer_robot/share/skid_steer_robot/urdf/skid_steer_robot.urdf.xacro
/home/rojebay/cobak/install/skid_steer_robot/share/skid_steer_robot/worlds/2simple_world.world
/home/rojebay/cobak/install/skid_steer_robot/share/skid_steer_robot/worlds/1simple_world.world
/home/rojebay/cobak/install/skid_steer_robot/share/skid_steer_robot/worlds/empty_world.world
/home/rojebay/cobak/install/skid_steer_robot/share/skid_steer_robot/worlds/3last_world.world
/home/rojebay/cobak/install/skid_steer_robot/share/skid_steer_robot/rviz
/home/rojebay/cobak/install/skid_steer_robot/lib/python3.10/site-packages/skid_steer_robot-0.0.0-py3.10.egg-info/dependency_links.txt
/home/rojebay/cobak/install/skid_steer_robot/lib/python3.10/site-packages/skid_steer_robot-0.0.0-py3.10.egg-info/PKG-INFO
/home/rojebay/cobak/install/skid_steer_robot/lib/python3.10/site-packages/skid_steer_robot-0.0.0-py3.10.egg-info/top_level.txt
/home/rojebay/cobak/install/skid_steer_robot/lib/python3.10/site-packages/skid_steer_robot-0.0.0-py3.10.egg-info/entry_points.txt
/home/rojebay/cobak/install/skid_steer_robot/lib/python3.10/site-packages/skid_steer_robot-0.0.0-py3.10.egg-info/SOURCES.txt
/home/rojebay/cobak/install/skid_steer_robot/lib/python3.10/site-packages/skid_steer_robot-0.0.0-py3.10.egg-info/zip-safe
/home/rojebay/cobak/install/skid_steer_robot/lib/python3.10/site-packages/skid_steer_robot-0.0.0-py3.10.egg-info/requires.txt
/home/rojebay/cobak/install/skid_steer_robot/lib/skid_steer_robot/apf_navigation
/home/rojebay/cobak/install/skid_steer_robot/lib/skid_steer_robot/data_logger
/home/rojebay/cobak/install/skid_steer_robot/lib/skid_steer_robot/sensor_streamer
/home/rojebay/cobak/install/skid_steer_robot/lib/skid_steer_robot/test_apf
