[0.687s] Invoking command in '/home/rojebay/cobak/src/my_robot_pkg': PYTHONPATH=/home/rojebay/cobak/build/my_robot_pkg/prefix_override:/usr/lib/python3/dist-packages/colcon_core/task/python/colcon_distutils_commands:/home/rojebay/cobak/install/my_robot_pkg/lib/python3.10/site-packages:${PYTHONPATH} /usr/bin/python3 -W ignore:setup.py install is deprecated -W ignore:easy_install command is deprecated setup.py egg_info --egg-base ../../build/my_robot_pkg build --build-base /home/rojebay/cobak/build/my_robot_pkg/build install --record /home/rojebay/cobak/build/my_robot_pkg/install.log --single-version-externally-managed install_data
[0.831s] running egg_info
[0.832s] creating ../../build/my_robot_pkg/my_robot_pkg.egg-info
[0.832s] writing ../../build/my_robot_pkg/my_robot_pkg.egg-info/PKG-INFO
[0.833s] writing dependency_links to ../../build/my_robot_pkg/my_robot_pkg.egg-info/dependency_links.txt
[0.833s] writing entry points to ../../build/my_robot_pkg/my_robot_pkg.egg-info/entry_points.txt
[0.833s] writing requirements to ../../build/my_robot_pkg/my_robot_pkg.egg-info/requires.txt
[0.833s] writing top-level names to ../../build/my_robot_pkg/my_robot_pkg.egg-info/top_level.txt
[0.833s] writing manifest file '../../build/my_robot_pkg/my_robot_pkg.egg-info/SOURCES.txt'
[0.834s] reading manifest file '../../build/my_robot_pkg/my_robot_pkg.egg-info/SOURCES.txt'
[0.834s] writing manifest file '../../build/my_robot_pkg/my_robot_pkg.egg-info/SOURCES.txt'
[0.834s] running build
[0.834s] running build_py
[0.835s] creating /home/rojebay/cobak/build/my_robot_pkg/build
[0.835s] creating /home/rojebay/cobak/build/my_robot_pkg/build/lib
[0.835s] creating /home/rojebay/cobak/build/my_robot_pkg/build/lib/my_robot_pkg
[0.835s] copying my_robot_pkg/__init__.py -> /home/rojebay/cobak/build/my_robot_pkg/build/lib/my_robot_pkg
[0.835s] copying my_robot_pkg/my_robot_node.py -> /home/rojebay/cobak/build/my_robot_pkg/build/lib/my_robot_pkg
[0.835s] running install
[0.835s] running install_lib
[0.835s] creating /home/rojebay/cobak/install/my_robot_pkg/lib/python3.10/site-packages/my_robot_pkg
[0.835s] copying /home/rojebay/cobak/build/my_robot_pkg/build/lib/my_robot_pkg/__init__.py -> /home/rojebay/cobak/install/my_robot_pkg/lib/python3.10/site-packages/my_robot_pkg
[0.835s] copying /home/rojebay/cobak/build/my_robot_pkg/build/lib/my_robot_pkg/my_robot_node.py -> /home/rojebay/cobak/install/my_robot_pkg/lib/python3.10/site-packages/my_robot_pkg
[0.835s] byte-compiling /home/rojebay/cobak/install/my_robot_pkg/lib/python3.10/site-packages/my_robot_pkg/__init__.py to __init__.cpython-310.pyc
[0.835s] byte-compiling /home/rojebay/cobak/install/my_robot_pkg/lib/python3.10/site-packages/my_robot_pkg/my_robot_node.py to my_robot_node.cpython-310.pyc
[0.836s] running install_data
[0.836s] creating /home/rojebay/cobak/install/my_robot_pkg/share/ament_index
[0.836s] creating /home/rojebay/cobak/install/my_robot_pkg/share/ament_index/resource_index
[0.836s] creating /home/rojebay/cobak/install/my_robot_pkg/share/ament_index/resource_index/packages
[0.836s] copying resource/my_robot_pkg -> /home/rojebay/cobak/install/my_robot_pkg/share/ament_index/resource_index/packages
[0.836s] copying package.xml -> /home/rojebay/cobak/install/my_robot_pkg/share/my_robot_pkg
[0.836s] creating /home/rojebay/cobak/install/my_robot_pkg/share/my_robot_pkg/launch
[0.836s] copying launch/sim.launch.py -> /home/rojebay/cobak/install/my_robot_pkg/share/my_robot_pkg/launch
[0.836s] running install_egg_info
[0.836s] Copying ../../build/my_robot_pkg/my_robot_pkg.egg-info to /home/rojebay/cobak/install/my_robot_pkg/lib/python3.10/site-packages/my_robot_pkg-0.0.1-py3.10.egg-info
[0.837s] running install_scripts
[0.851s] Installing robot_controller script to /home/rojebay/cobak/install/my_robot_pkg/lib/my_robot_pkg
[0.851s] writing list of installed files to '/home/rojebay/cobak/build/my_robot_pkg/install.log'
[0.869s] Invoked command in '/home/rojebay/cobak/src/my_robot_pkg' returned '0': PYTHONPATH=/home/rojebay/cobak/build/my_robot_pkg/prefix_override:/usr/lib/python3/dist-packages/colcon_core/task/python/colcon_distutils_commands:/home/rojebay/cobak/install/my_robot_pkg/lib/python3.10/site-packages:${PYTHONPATH} /usr/bin/python3 -W ignore:setup.py install is deprecated -W ignore:easy_install command is deprecated setup.py egg_info --egg-base ../../build/my_robot_pkg build --build-base /home/rojebay/cobak/build/my_robot_pkg/build install --record /home/rojebay/cobak/build/my_robot_pkg/install.log --single-version-externally-managed install_data
