running egg_info
writing ../../build/skid_steer_robot/skid_steer_robot.egg-info/PKG-INFO
writing dependency_links to ../../build/skid_steer_robot/skid_steer_robot.egg-info/dependency_links.txt
writing entry points to ../../build/skid_steer_robot/skid_steer_robot.egg-info/entry_points.txt
writing requirements to ../../build/skid_steer_robot/skid_steer_robot.egg-info/requires.txt
writing top-level names to ../../build/skid_steer_robot/skid_steer_robot.egg-info/top_level.txt
reading manifest file '../../build/skid_steer_robot/skid_steer_robot.egg-info/SOURCES.txt'
writing manifest file '../../build/skid_steer_robot/skid_steer_robot.egg-info/SOURCES.txt'
running build
running build_py
running install
running install_lib
running install_data
running install_egg_info
removing '/home/rojebay/cobak/install/skid_steer_robot/lib/python3.10/site-packages/skid_steer_robot-0.0.0-py3.10.egg-info' (and everything under it)
Copying ../../build/skid_steer_robot/skid_steer_robot.egg-info to /home/rojebay/cobak/install/skid_steer_robot/lib/python3.10/site-packages/skid_steer_robot-0.0.0-py3.10.egg-info
running install_scripts
Installing apf_navigation script to /home/rojebay/cobak/install/skid_steer_robot/lib/skid_steer_robot
Installing data_logger script to /home/rojebay/cobak/install/skid_steer_robot/lib/skid_steer_robot
Installing sensor_streamer script to /home/rojebay/cobak/install/skid_steer_robot/lib/skid_steer_robot
Installing test_apf script to /home/rojebay/cobak/install/skid_steer_robot/lib/skid_steer_robot
writing list of installed files to '/home/rojebay/cobak/build/skid_steer_robot/install.log'
