[0.668s] Invoking command in '/home/rojebay/cobak/src/skid_steer_robot': PYTHONPATH=/home/rojebay/cobak/build/skid_steer_robot/prefix_override:/usr/lib/python3/dist-packages/colcon_core/task/python/colcon_distutils_commands:/home/rojebay/cobak/install/skid_steer_robot/lib/python3.10/site-packages:${PYTHONPATH} /usr/bin/python3 -W ignore:setup.py install is deprecated -W ignore:easy_install command is deprecated setup.py egg_info --egg-base ../../build/skid_steer_robot build --build-base /home/rojebay/cobak/build/skid_steer_robot/build install --record /home/rojebay/cobak/build/skid_steer_robot/install.log --single-version-externally-managed install_data
[0.810s] running egg_info
[0.811s] writing ../../build/skid_steer_robot/skid_steer_robot.egg-info/PKG-INFO
[0.811s] writing dependency_links to ../../build/skid_steer_robot/skid_steer_robot.egg-info/dependency_links.txt
[0.811s] writing entry points to ../../build/skid_steer_robot/skid_steer_robot.egg-info/entry_points.txt
[0.811s] writing requirements to ../../build/skid_steer_robot/skid_steer_robot.egg-info/requires.txt
[0.811s] writing top-level names to ../../build/skid_steer_robot/skid_steer_robot.egg-info/top_level.txt
[0.812s] reading manifest file '../../build/skid_steer_robot/skid_steer_robot.egg-info/SOURCES.txt'
[0.813s] writing manifest file '../../build/skid_steer_robot/skid_steer_robot.egg-info/SOURCES.txt'
[0.813s] running build
[0.813s] running build_py
[0.813s] running install
[0.813s] running install_lib
[0.814s] running install_data
[0.814s] running install_egg_info
[0.816s] removing '/home/rojebay/cobak/install/skid_steer_robot/lib/python3.10/site-packages/skid_steer_robot-0.0.0-py3.10.egg-info' (and everything under it)
[0.816s] Copying ../../build/skid_steer_robot/skid_steer_robot.egg-info to /home/rojebay/cobak/install/skid_steer_robot/lib/python3.10/site-packages/skid_steer_robot-0.0.0-py3.10.egg-info
[0.816s] running install_scripts
[0.830s] Installing apf_navigation script to /home/rojebay/cobak/install/skid_steer_robot/lib/skid_steer_robot
[0.830s] Installing data_logger script to /home/rojebay/cobak/install/skid_steer_robot/lib/skid_steer_robot
[0.830s] Installing sensor_streamer script to /home/rojebay/cobak/install/skid_steer_robot/lib/skid_steer_robot
[0.831s] Installing test_apf script to /home/rojebay/cobak/install/skid_steer_robot/lib/skid_steer_robot
[0.831s] writing list of installed files to '/home/rojebay/cobak/build/skid_steer_robot/install.log'
[0.850s] Invoked command in '/home/rojebay/cobak/src/skid_steer_robot' returned '0': PYTHONPATH=/home/rojebay/cobak/build/skid_steer_robot/prefix_override:/usr/lib/python3/dist-packages/colcon_core/task/python/colcon_distutils_commands:/home/rojebay/cobak/install/skid_steer_robot/lib/python3.10/site-packages:${PYTHONPATH} /usr/bin/python3 -W ignore:setup.py install is deprecated -W ignore:easy_install command is deprecated setup.py egg_info --egg-base ../../build/skid_steer_robot build --build-base /home/rojebay/cobak/build/skid_steer_robot/build install --record /home/rojebay/cobak/build/skid_steer_robot/install.log --single-version-externally-managed install_data
